This file contains any messages produced by compilers while
running configure, to aid debugging if configure makes a mistake.

It was created by tuxbox-neutrino configure 1.0.1, which was
generated by GNU Autoconf 2.65.  Invocation command line was

  $ ./configure --prefix=/home/thempra/OE/azboxme/build/tmp/staging/mipsel-oe-linux/usr --build=i386-pc-linux-gnu --host=mipsel-oe-linux --with-target=cdk --with-targetprefix= 

## --------- ##
## Platform. ##
## --------- ##

hostname = thempra-laptop
uname -m = i686
uname -r = 2.6.32-34-generic
uname -s = Linux
uname -v = #77-Ubuntu SMP Tue Sep 13 19:40:53 UTC 2011

/usr/bin/uname -p = unknown
/bin/uname -X     = unknown

/bin/arch              = unknown
/usr/bin/arch -k       = unknown
/usr/convex/getsysinfo = unknown
/usr/bin/hostinfo      = unknown
/bin/machine           = unknown
/usr/bin/oslevel       = unknown
/bin/universe          = unknown

PATH: /home/thempra/OE/bb/bin
PATH: /home/thempra/OE/azboxme/build/tmp/cross/mipsel/bin
PATH: /usr/local/sbin
PATH: /usr/local/bin
PATH: /usr/sbin
PATH: /usr/bin
PATH: /sbin
PATH: /bin
PATH: /usr/games


## ----------- ##
## Core tests. ##
## ----------- ##

configure:2544: checking for a BSD-compatible install
configure:2612: result: /usr/bin/install -c
configure:2623: checking whether build environment is sane
configure:2673: result: yes
configure:2722: checking for mipsel-oe-linux-strip
configure:2749: result: mipsel-oe-linux-strip
configure:2814: checking for a thread-safe mkdir -p
configure:2853: result: /bin/mkdir -p
configure:2866: checking for gawk
configure:2882: found /usr/bin/gawk
configure:2893: result: gawk
configure:2904: checking whether make sets $(MAKE)
configure:2926: result: yes
configure:3019: checking for style of include used by make
configure:3047: result: GNU
configure:3077: checking for mipsel-oe-linux-gcc
configure:3104: result: mipsel-oe-linux-gcc
configure:3373: checking for C compiler version
configure:3382: mipsel-oe-linux-gcc --version >&5
mipsel-oe-linux-gcc (GCC) 4.4.3
Copyright (C) 2010 Free Software Foundation, Inc.
This is free software; see the source for copying conditions.  There is NO
warranty; not even for MERCHANTABILITY or FITNESS FOR A PARTICULAR PURPOSE.

configure:3393: $? = 0
configure:3382: mipsel-oe-linux-gcc -v >&5
Using built-in specs.
Target: mipsel-oe-linux
Configured with: /home/thempra/OE/azboxme/build/tmp/work/mipsel-oe-linux/gcc-cross-4.4.3-r0.1/gcc-4.4.3/configure --build=i686-linux --host=i686-linux --target=mipsel-oe-linux --prefix=/home/thempra/OE/azboxme/build/tmp/cross/mipsel --exec_prefix=/home/thempra/OE/azboxme/build/tmp/cross/mipsel --bindir=/home/thempra/OE/azboxme/build/tmp/cross/mipsel/bin --sbindir=/home/thempra/OE/azboxme/build/tmp/cross/mipsel/bin --libexecdir=/home/thempra/OE/azboxme/build/tmp/cross/mipsel/libexec --datadir=/home/thempra/OE/azboxme/build/tmp/cross/mipsel/share --sysconfdir=/home/thempra/OE/azboxme/build/tmp/cross/mipsel/etc --sharedstatedir=/home/thempra/OE/azboxme/build/tmp/cross/mipsel/com --localstatedir=/home/thempra/OE/azboxme/build/tmp/cross/mipsel/var --libdir=/home/thempra/OE/azboxme/build/tmp/cross/mipsel/lib --includedir=/home/thempra/OE/azboxme/build/tmp/cross/mipsel/include --oldincludedir=/home/thempra/OE/azboxme/build/tmp/cross/mipsel/include --infodir=/home/thempra/OE/azboxme/build/tmp/cross/mipsel/share/info --mandir=/home/thempra/OE/azboxme/build/tmp/cross/mipsel/share/man --with-gnu-ld --enable-shared --enable-languages=c,c++ --enable-threads=posix --enable-multilib --enable-c99 --enable-long-long --enable-symvers=gnu --enable-libstdcxx-pch --program-prefix=mipsel-oe-linux- --enable-target-optspace --enable-libssp --disable-bootstrap --disable-libgomp --disable-libmudflap --with-float=soft --with-local-prefix=/home/thempra/OE/azboxme/build/tmp/staging/mipsel-oe-linux/usr --with-gxx-include-dir=/home/thempra/OE/azboxme/build/tmp/staging/mipsel-oe-linux//usr/include/c++ --with-sysroot=/home/thempra/OE/azboxme/build/tmp/staging/mipsel-oe-linux --with-build-sysroot=/home/thempra/OE/azboxme/build/tmp/staging/mipsel-oe-linux --with-mips-plt --disable-libunwind-exceptions --with-mpfr=/home/thempra/OE/azboxme/build/tmp/staging/i686-linux/usr --enable-__cxa_atexit --disable-multilib
Thread model: posix
gcc version 4.4.3 (GCC) 
configure:3393: $? = 0
configure:3382: mipsel-oe-linux-gcc -V >&5
mipsel-oe-linux-gcc: '-V' option must have argument
configure:3393: $? = 1
configure:3382: mipsel-oe-linux-gcc -qversion >&5
mipsel-oe-linux-gcc: unrecognized option '-qversion'
mipsel-oe-linux-gcc: no input files
configure:3393: $? = 1
configure:3413: checking whether the C compiler works
configure:3435: mipsel-oe-linux-gcc -Wall -g0 -O2 	 -D__KERNEL_STRICT_NAMES -DAZBOX_GEN_1 	-I/home/thempra/github/AZtrino/include -I/home/thempra/github/AZtrino/include/linux/dvb -I/home/thempra/OE/azboxme/build/tmp/staging/mipsel-oe-linux/usr/include/freetype2 	-I/home/thempra/OE/azboxme/build/tmp/staging/mipsel-oe-linux/usr/include/gstreamer-0.10 -I/home/thempra/OE/azboxme/build/tmp/staging/mipsel-oe-linux/usr/include/glib-2.0 -I/home/thempra/OE/azboxme/build/tmp/staging/mipsel-oe-linux/usr/include/libxml2  -L/home/thempra/OE/azboxme/build/tmp/staging/mipsel-oe-linux/usr/lib  -lcurl -lssl -lcrypto -ldl -L/home/thempra/OE/azboxme/build/tmp/staging/mipsel-oe-linux/usr/lib/gstreamer-0.10 -lgstreamer-0.10 conftest.c  >&5
configure:3439: $? = 0
configure:3488: result: yes
configure:3491: checking for C compiler default output file name
configure:3493: result: a.out
configure:3499: checking for suffix of executables
configure:3506: mipsel-oe-linux-gcc -o conftest -Wall -g0 -O2 	 -D__KERNEL_STRICT_NAMES -DAZBOX_GEN_1 	-I/home/thempra/github/AZtrino/include -I/home/thempra/github/AZtrino/include/linux/dvb -I/home/thempra/OE/azboxme/build/tmp/staging/mipsel-oe-linux/usr/include/freetype2 	-I/home/thempra/OE/azboxme/build/tmp/staging/mipsel-oe-linux/usr/include/gstreamer-0.10 -I/home/thempra/OE/azboxme/build/tmp/staging/mipsel-oe-linux/usr/include/glib-2.0 -I/home/thempra/OE/azboxme/build/tmp/staging/mipsel-oe-linux/usr/include/libxml2  -L/home/thempra/OE/azboxme/build/tmp/staging/mipsel-oe-linux/usr/lib  -lcurl -lssl -lcrypto -ldl -L/home/thempra/OE/azboxme/build/tmp/staging/mipsel-oe-linux/usr/lib/gstreamer-0.10 -lgstreamer-0.10 conftest.c  >&5
configure:3510: $? = 0
configure:3532: result: 
configure:3554: checking whether we are cross compiling
configure:3592: result: yes
configure:3597: checking for suffix of object files
configure:3619: mipsel-oe-linux-gcc -c -Wall -g0 -O2 	 -D__KERNEL_STRICT_NAMES -DAZBOX_GEN_1 	-I/home/thempra/github/AZtrino/include -I/home/thempra/github/AZtrino/include/linux/dvb -I/home/thempra/OE/azboxme/build/tmp/staging/mipsel-oe-linux/usr/include/freetype2 	-I/home/thempra/OE/azboxme/build/tmp/staging/mipsel-oe-linux/usr/include/gstreamer-0.10 -I/home/thempra/OE/azboxme/build/tmp/staging/mipsel-oe-linux/usr/include/glib-2.0 -I/home/thempra/OE/azboxme/build/tmp/staging/mipsel-oe-linux/usr/include/libxml2  conftest.c >&5
configure:3623: $? = 0
configure:3644: result: o
configure:3648: checking whether we are using the GNU C compiler
configure:3667: mipsel-oe-linux-gcc -c -Wall -g0 -O2 	 -D__KERNEL_STRICT_NAMES -DAZBOX_GEN_1 	-I/home/thempra/github/AZtrino/include -I/home/thempra/github/AZtrino/include/linux/dvb -I/home/thempra/OE/azboxme/build/tmp/staging/mipsel-oe-linux/usr/include/freetype2 	-I/home/thempra/OE/azboxme/build/tmp/staging/mipsel-oe-linux/usr/include/gstreamer-0.10 -I/home/thempra/OE/azboxme/build/tmp/staging/mipsel-oe-linux/usr/include/glib-2.0 -I/home/thempra/OE/azboxme/build/tmp/staging/mipsel-oe-linux/usr/include/libxml2  conftest.c >&5
configure:3667: $? = 0
configure:3676: result: yes
configure:3685: checking whether mipsel-oe-linux-gcc accepts -g
configure:3705: mipsel-oe-linux-gcc -c -g  conftest.c >&5
configure:3705: $? = 0
configure:3746: result: yes
configure:3763: checking for mipsel-oe-linux-gcc option to accept ISO C89
configure:3827: mipsel-oe-linux-gcc  -c -Wall -g0 -O2 	 -D__KERNEL_STRICT_NAMES -DAZBOX_GEN_1 	-I/home/thempra/github/AZtrino/include -I/home/thempra/github/AZtrino/include/linux/dvb -I/home/thempra/OE/azboxme/build/tmp/staging/mipsel-oe-linux/usr/include/freetype2 	-I/home/thempra/OE/azboxme/build/tmp/staging/mipsel-oe-linux/usr/include/gstreamer-0.10 -I/home/thempra/OE/azboxme/build/tmp/staging/mipsel-oe-linux/usr/include/glib-2.0 -I/home/thempra/OE/azboxme/build/tmp/staging/mipsel-oe-linux/usr/include/libxml2  conftest.c >&5
configure:3827: $? = 0
configure:3840: result: none needed
configure:3862: checking dependency style of mipsel-oe-linux-gcc
configure:3972: result: gcc3
configure:3992: checking build system type
configure:4006: result: i386-pc-linux-gnu
configure:4026: checking host system type
configure:4039: result: mipsel-oe-linux-gnu
configure:4063: checking whether to enable maintainer-specific portions of Makefiles
configure:4072: result: no
configure:4096: checking for special C compiler options needed for large files
configure:4141: result: no
configure:4147: checking for _FILE_OFFSET_BITS value needed for large files
configure:4172: mipsel-oe-linux-gcc -c -Wall -g0 -O2 	 -D__KERNEL_STRICT_NAMES -DAZBOX_GEN_1 	-I/home/thempra/github/AZtrino/include -I/home/thempra/github/AZtrino/include/linux/dvb -I/home/thempra/OE/azboxme/build/tmp/staging/mipsel-oe-linux/usr/include/freetype2 	-I/home/thempra/OE/azboxme/build/tmp/staging/mipsel-oe-linux/usr/include/gstreamer-0.10 -I/home/thempra/OE/azboxme/build/tmp/staging/mipsel-oe-linux/usr/include/glib-2.0 -I/home/thempra/OE/azboxme/build/tmp/staging/mipsel-oe-linux/usr/include/libxml2  conftest.c >&5
conftest.c:18: warning: left shift count >= width of type
conftest.c:18: warning: left shift count >= width of type
conftest.c:20: error: size of array 'off_t_is_large' is negative
configure:4172: $? = 1
configure: failed program was:
| /* confdefs.h */
| #define PACKAGE_NAME "tuxbox-neutrino"
| #define PACKAGE_TARNAME "tuxbox-neutrino"
| #define PACKAGE_VERSION "1.0.1"
| #define PACKAGE_STRING "tuxbox-neutrino 1.0.1"
| #define PACKAGE_BUGREPORT ""
| #define PACKAGE_URL ""
| #define PACKAGE "tuxbox-neutrino"
| #define VERSION "1.0.1"
| #define _GNU_SOURCE 1
| /* end confdefs.h.  */
| #include <sys/types.h>
|  /* Check that off_t can represent 2**63 - 1 correctly.
|     We can't simply define LARGE_OFF_T to be 9223372036854775807,
|     since some C++ compilers masquerading as C compilers
|     incorrectly reject 9223372036854775807.  */
| #define LARGE_OFF_T (((off_t) 1 << 62) - 1 + ((off_t) 1 << 62))
|   int off_t_is_large[(LARGE_OFF_T % 2147483629 == 721
| 		       && LARGE_OFF_T % 2147483647 == 1)
| 		      ? 1 : -1];
| int
| main ()
| {
| 
|   ;
|   return 0;
| }
configure:4196: mipsel-oe-linux-gcc -c -Wall -g0 -O2 	 -D__KERNEL_STRICT_NAMES -DAZBOX_GEN_1 	-I/home/thempra/github/AZtrino/include -I/home/thempra/github/AZtrino/include/linux/dvb -I/home/thempra/OE/azboxme/build/tmp/staging/mipsel-oe-linux/usr/include/freetype2 	-I/home/thempra/OE/azboxme/build/tmp/staging/mipsel-oe-linux/usr/include/gstreamer-0.10 -I/home/thempra/OE/azboxme/build/tmp/staging/mipsel-oe-linux/usr/include/glib-2.0 -I/home/thempra/OE/azboxme/build/tmp/staging/mipsel-oe-linux/usr/include/libxml2  conftest.c >&5
configure:4196: $? = 0
configure:4204: result: 64
configure:4322: checking target
configure:4338: result: cdk
configure:4668: checking for mipsel-oe-linux-gcc
configure:4695: result: mipsel-oe-linux-gcc
configure:4964: checking for C compiler version
configure:4973: mipsel-oe-linux-gcc --version >&5
mipsel-oe-linux-gcc (GCC) 4.4.3
Copyright (C) 2010 Free Software Foundation, Inc.
This is free software; see the source for copying conditions.  There is NO
warranty; not even for MERCHANTABILITY or FITNESS FOR A PARTICULAR PURPOSE.

configure:4984: $? = 0
configure:4973: mipsel-oe-linux-gcc -v >&5
Using built-in specs.
Target: mipsel-oe-linux
Configured with: /home/thempra/OE/azboxme/build/tmp/work/mipsel-oe-linux/gcc-cross-4.4.3-r0.1/gcc-4.4.3/configure --build=i686-linux --host=i686-linux --target=mipsel-oe-linux --prefix=/home/thempra/OE/azboxme/build/tmp/cross/mipsel --exec_prefix=/home/thempra/OE/azboxme/build/tmp/cross/mipsel --bindir=/home/thempra/OE/azboxme/build/tmp/cross/mipsel/bin --sbindir=/home/thempra/OE/azboxme/build/tmp/cross/mipsel/bin --libexecdir=/home/thempra/OE/azboxme/build/tmp/cross/mipsel/libexec --datadir=/home/thempra/OE/azboxme/build/tmp/cross/mipsel/share --sysconfdir=/home/thempra/OE/azboxme/build/tmp/cross/mipsel/etc --sharedstatedir=/home/thempra/OE/azboxme/build/tmp/cross/mipsel/com --localstatedir=/home/thempra/OE/azboxme/build/tmp/cross/mipsel/var --libdir=/home/thempra/OE/azboxme/build/tmp/cross/mipsel/lib --includedir=/home/thempra/OE/azboxme/build/tmp/cross/mipsel/include --oldincludedir=/home/thempra/OE/azboxme/build/tmp/cross/mipsel/include --infodir=/home/thempra/OE/azboxme/build/tmp/cross/mipsel/share/info --mandir=/home/thempra/OE/azboxme/build/tmp/cross/mipsel/share/man --with-gnu-ld --enable-shared --enable-languages=c,c++ --enable-threads=posix --enable-multilib --enable-c99 --enable-long-long --enable-symvers=gnu --enable-libstdcxx-pch --program-prefix=mipsel-oe-linux- --enable-target-optspace --enable-libssp --disable-bootstrap --disable-libgomp --disable-libmudflap --with-float=soft --with-local-prefix=/home/thempra/OE/azboxme/build/tmp/staging/mipsel-oe-linux/usr --with-gxx-include-dir=/home/thempra/OE/azboxme/build/tmp/staging/mipsel-oe-linux//usr/include/c++ --with-sysroot=/home/thempra/OE/azboxme/build/tmp/staging/mipsel-oe-linux --with-build-sysroot=/home/thempra/OE/azboxme/build/tmp/staging/mipsel-oe-linux --with-mips-plt --disable-libunwind-exceptions --with-mpfr=/home/thempra/OE/azboxme/build/tmp/staging/i686-linux/usr --enable-__cxa_atexit --disable-multilib
Thread model: posix
gcc version 4.4.3 (GCC) 
configure:4984: $? = 0
configure:4973: mipsel-oe-linux-gcc -V >&5
mipsel-oe-linux-gcc: '-V' option must have argument
configure:4984: $? = 1
configure:4973: mipsel-oe-linux-gcc -qversion >&5
mipsel-oe-linux-gcc: unrecognized option '-qversion'
mipsel-oe-linux-gcc: no input files
configure:4984: $? = 1
configure:4988: checking whether we are using the GNU C compiler
configure:5016: result: yes
configure:5025: checking whether mipsel-oe-linux-gcc accepts -g
configure:5086: result: yes
configure:5103: checking for mipsel-oe-linux-gcc option to accept ISO C89
configure:5180: result: none needed
configure:5202: checking dependency style of mipsel-oe-linux-gcc
configure:5312: result: gcc3
configure:5341: checking for mipsel-oe-linux-g++
configure:5357: found /home/thempra/OE/azboxme/build/tmp/cross/mipsel/bin/mipsel-oe-linux-g++
configure:5368: result: mipsel-oe-linux-g++
configure:5439: checking for C++ compiler version
configure:5448: mipsel-oe-linux-g++ --version >&5
mipsel-oe-linux-g++ (GCC) 4.4.3
Copyright (C) 2010 Free Software Foundation, Inc.
This is free software; see the source for copying conditions.  There is NO
warranty; not even for MERCHANTABILITY or FITNESS FOR A PARTICULAR PURPOSE.

configure:5459: $? = 0
configure:5448: mipsel-oe-linux-g++ -v >&5
Using built-in specs.
Target: mipsel-oe-linux
Configured with: /home/thempra/OE/azboxme/build/tmp/work/mipsel-oe-linux/gcc-cross-4.4.3-r0.1/gcc-4.4.3/configure --build=i686-linux --host=i686-linux --target=mipsel-oe-linux --prefix=/home/thempra/OE/azboxme/build/tmp/cross/mipsel --exec_prefix=/home/thempra/OE/azboxme/build/tmp/cross/mipsel --bindir=/home/thempra/OE/azboxme/build/tmp/cross/mipsel/bin --sbindir=/home/thempra/OE/azboxme/build/tmp/cross/mipsel/bin --libexecdir=/home/thempra/OE/azboxme/build/tmp/cross/mipsel/libexec --datadir=/home/thempra/OE/azboxme/build/tmp/cross/mipsel/share --sysconfdir=/home/thempra/OE/azboxme/build/tmp/cross/mipsel/etc --sharedstatedir=/home/thempra/OE/azboxme/build/tmp/cross/mipsel/com --localstatedir=/home/thempra/OE/azboxme/build/tmp/cross/mipsel/var --libdir=/home/thempra/OE/azboxme/build/tmp/cross/mipsel/lib --includedir=/home/thempra/OE/azboxme/build/tmp/cross/mipsel/include --oldincludedir=/home/thempra/OE/azboxme/build/tmp/cross/mipsel/include --infodir=/home/thempra/OE/azboxme/build/tmp/cross/mipsel/share/info --mandir=/home/thempra/OE/azboxme/build/tmp/cross/mipsel/share/man --with-gnu-ld --enable-shared --enable-languages=c,c++ --enable-threads=posix --enable-multilib --enable-c99 --enable-long-long --enable-symvers=gnu --enable-libstdcxx-pch --program-prefix=mipsel-oe-linux- --enable-target-optspace --enable-libssp --disable-bootstrap --disable-libgomp --disable-libmudflap --with-float=soft --with-local-prefix=/home/thempra/OE/azboxme/build/tmp/staging/mipsel-oe-linux/usr --with-gxx-include-dir=/home/thempra/OE/azboxme/build/tmp/staging/mipsel-oe-linux//usr/include/c++ --with-sysroot=/home/thempra/OE/azboxme/build/tmp/staging/mipsel-oe-linux --with-build-sysroot=/home/thempra/OE/azboxme/build/tmp/staging/mipsel-oe-linux --with-mips-plt --disable-libunwind-exceptions --with-mpfr=/home/thempra/OE/azboxme/build/tmp/staging/i686-linux/usr --enable-__cxa_atexit --disable-multilib
Thread model: posix
gcc version 4.4.3 (GCC) 
configure:5459: $? = 0
configure:5448: mipsel-oe-linux-g++ -V >&5
mipsel-oe-linux-g++: '-V' option must have argument
configure:5459: $? = 1
configure:5448: mipsel-oe-linux-g++ -qversion >&5
mipsel-oe-linux-g++: unrecognized option '-qversion'
mipsel-oe-linux-g++: no input files
configure:5459: $? = 1
configure:5463: checking whether we are using the GNU C++ compiler
configure:5482: mipsel-oe-linux-g++ -c -Wall -g0 -O2 	 -D__KERNEL_STRICT_NAMES -DAZBOX_GEN_1 	-I/home/thempra/github/AZtrino/include -I/home/thempra/github/AZtrino/include/linux/dvb -I/home/thempra/OE/azboxme/build/tmp/staging/mipsel-oe-linux/usr/include/freetype2 	-I/home/thempra/OE/azboxme/build/tmp/staging/mipsel-oe-linux/usr/include/gstreamer-0.10 -I/home/thempra/OE/azboxme/build/tmp/staging/mipsel-oe-linux/usr/include/glib-2.0 -I/home/thempra/OE/azboxme/build/tmp/staging/mipsel-oe-linux/usr/include/libxml2  conftest.cpp >&5
configure:5482: $? = 0
configure:5491: result: yes
configure:5500: checking whether mipsel-oe-linux-g++ accepts -g
configure:5520: mipsel-oe-linux-g++ -c -g  conftest.cpp >&5
configure:5520: $? = 0
configure:5561: result: yes
configure:5586: checking dependency style of mipsel-oe-linux-g++
configure:5696: result: gcc3
configure:5767: checking for a sed that does not truncate output
configure:5831: result: /bin/sed
configure:5849: checking for egrep
configure:5859: result: grep -E
configure:5864: checking for grep that handles long lines and -e
configure:5922: result: /bin/grep
configure:5927: checking for fgrep
configure:5989: result: /bin/grep -F
configure:6024: checking for ld used by mipsel-oe-linux-gcc
configure:6091: result: /home/thempra/OE/azboxme/build/tmp/cross/mipsel/mipsel-oe-linux/bin/ld
configure:6098: checking if the linker (/home/thempra/OE/azboxme/build/tmp/cross/mipsel/mipsel-oe-linux/bin/ld) is GNU ld
configure:6113: result: yes
configure:6125: checking for BSD- or MS-compatible name lister (nm)
configure:6174: result: mipsel-oe-linux-nm
configure:6292: checking the name lister (mipsel-oe-linux-nm) interface
configure:6299: mipsel-oe-linux-gcc -c -Wall -g0 -O2 	 -D__KERNEL_STRICT_NAMES -DAZBOX_GEN_1 	-I/home/thempra/github/AZtrino/include -I/home/thempra/github/AZtrino/include/linux/dvb -I/home/thempra/OE/azboxme/build/tmp/staging/mipsel-oe-linux/usr/include/freetype2 	-I/home/thempra/OE/azboxme/build/tmp/staging/mipsel-oe-linux/usr/include/gstreamer-0.10 -I/home/thempra/OE/azboxme/build/tmp/staging/mipsel-oe-linux/usr/include/glib-2.0 -I/home/thempra/OE/azboxme/build/tmp/staging/mipsel-oe-linux/usr/include/libxml2  conftest.c >&5
configure:6302: mipsel-oe-linux-nm "conftest.o"
configure:6305: output
00000000 B some_variable
configure:6312: result: BSD nm
configure:6315: checking whether ln -s works
configure:6319: result: yes
configure:6327: checking the maximum length of command line arguments
configure:6447: result: 1572864
configure:6464: checking whether the shell understands some XSI constructs
configure:6474: result: yes
configure:6478: checking whether the shell understands "+="
configure:6484: result: yes
configure:6519: checking for /home/thempra/OE/azboxme/build/tmp/cross/mipsel/mipsel-oe-linux/bin/ld option to reload object files
configure:6526: result: -r
configure:6555: checking for mipsel-oe-linux-objdump
configure:6582: result: mipsel-oe-linux-objdump
configure:6654: checking how to recognize dependent libraries
configure:6850: result: pass_all
configure:6870: checking for mipsel-oe-linux-ar
configure:6897: result: mipsel-oe-linux-ar
configure:6975: checking for mipsel-oe-linux-strip
configure:7002: result: mipsel-oe-linux-strip
configure:7074: checking for mipsel-oe-linux-ranlib
configure:7101: result: mipsel-oe-linux-ranlib
configure:7231: checking command to parse mipsel-oe-linux-nm output from mipsel-oe-linux-gcc object
configure:7349: mipsel-oe-linux-gcc -c -Wall -g0 -O2 	 -D__KERNEL_STRICT_NAMES -DAZBOX_GEN_1 	-I/home/thempra/github/AZtrino/include -I/home/thempra/github/AZtrino/include/linux/dvb -I/home/thempra/OE/azboxme/build/tmp/staging/mipsel-oe-linux/usr/include/freetype2 	-I/home/thempra/OE/azboxme/build/tmp/staging/mipsel-oe-linux/usr/include/gstreamer-0.10 -I/home/thempra/OE/azboxme/build/tmp/staging/mipsel-oe-linux/usr/include/glib-2.0 -I/home/thempra/OE/azboxme/build/tmp/staging/mipsel-oe-linux/usr/include/libxml2  conftest.c >&5
configure:7352: $? = 0
configure:7356: mipsel-oe-linux-nm conftest.o \| sed -n -e 's/^.*[	 ]\([ABCDGIRSTW][ABCDGIRSTW]*\)[	 ][	 ]*\([_A-Za-z][_A-Za-z0-9]*\)$/\1 \2 \2/p' \> conftest.nm
configure:7359: $? = 0
configure:7413: mipsel-oe-linux-gcc -o conftest -Wall -g0 -O2 	 -D__KERNEL_STRICT_NAMES -DAZBOX_GEN_1 	-I/home/thempra/github/AZtrino/include -I/home/thempra/github/AZtrino/include/linux/dvb -I/home/thempra/OE/azboxme/build/tmp/staging/mipsel-oe-linux/usr/include/freetype2 	-I/home/thempra/OE/azboxme/build/tmp/staging/mipsel-oe-linux/usr/include/gstreamer-0.10 -I/home/thempra/OE/azboxme/build/tmp/staging/mipsel-oe-linux/usr/include/glib-2.0 -I/home/thempra/OE/azboxme/build/tmp/staging/mipsel-oe-linux/usr/include/libxml2  -L/home/thempra/OE/azboxme/build/tmp/staging/mipsel-oe-linux/usr/lib  -lcurl -lssl -lcrypto -ldl -L/home/thempra/OE/azboxme/build/tmp/staging/mipsel-oe-linux/usr/lib/gstreamer-0.10 -lgstreamer-0.10 conftest.c conftstm.o >&5
configure:7416: $? = 0
configure:7454: result: ok
configure:8262: checking how to run the C preprocessor
configure:8293: mipsel-oe-linux-gcc -E  conftest.c
configure:8293: $? = 0
configure:8307: mipsel-oe-linux-gcc -E  conftest.c
conftest.c:22:28: error: ac_nonexistent.h: No such file or directory
configure:8307: $? = 1
configure: failed program was:
| /* confdefs.h */
| #define PACKAGE_NAME "tuxbox-neutrino"
| #define PACKAGE_TARNAME "tuxbox-neutrino"
| #define PACKAGE_VERSION "1.0.1"
| #define PACKAGE_STRING "tuxbox-neutrino 1.0.1"
| #define PACKAGE_BUGREPORT ""
| #define PACKAGE_URL ""
| #define PACKAGE "tuxbox-neutrino"
| #define VERSION "1.0.1"
| #define _GNU_SOURCE 1
| #define _FILE_OFFSET_BITS 64
| #define DEBUG 1
| #define CONFIGDIR "/var/tuxbox/config"
| #define DATADIR "/share/tuxbox"
| #define FONTDIR "/share/fonts"
| #define GAMESDIR "/var/tuxbox/games"
| #define LIBDIR "/lib/tuxbox"
| #define PLUGINDIR "/lib/tuxbox/plugins"
| #define UCODEDIR "/var/tuxbox/ucodes"
| #define THEMESDIR "/share/tuxbox/neutrino/themes"
| /* end confdefs.h.  */
| #include <ac_nonexistent.h>
configure:8332: result: mipsel-oe-linux-gcc -E
configure:8352: mipsel-oe-linux-gcc -E  conftest.c
configure:8352: $? = 0
configure:8366: mipsel-oe-linux-gcc -E  conftest.c
conftest.c:22:28: error: ac_nonexistent.h: No such file or directory
configure:8366: $? = 1
configure: failed program was:
| /* confdefs.h */
| #define PACKAGE_NAME "tuxbox-neutrino"
| #define PACKAGE_TARNAME "tuxbox-neutrino"
| #define PACKAGE_VERSION "1.0.1"
| #define PACKAGE_STRING "tuxbox-neutrino 1.0.1"
| #define PACKAGE_BUGREPORT ""
| #define PACKAGE_URL ""
| #define PACKAGE "tuxbox-neutrino"
| #define VERSION "1.0.1"
| #define _GNU_SOURCE 1
| #define _FILE_OFFSET_BITS 64
| #define DEBUG 1
| #define CONFIGDIR "/var/tuxbox/config"
| #define DATADIR "/share/tuxbox"
| #define FONTDIR "/share/fonts"
| #define GAMESDIR "/var/tuxbox/games"
| #define LIBDIR "/lib/tuxbox"
| #define PLUGINDIR "/lib/tuxbox/plugins"
| #define UCODEDIR "/var/tuxbox/ucodes"
| #define THEMESDIR "/share/tuxbox/neutrino/themes"
| /* end confdefs.h.  */
| #include <ac_nonexistent.h>
configure:8395: checking for ANSI C header files
configure:8415: mipsel-oe-linux-gcc -c -Wall -g0 -O2 	 -D__KERNEL_STRICT_NAMES -DAZBOX_GEN_1 	-I/home/thempra/github/AZtrino/include -I/home/thempra/github/AZtrino/include/linux/dvb -I/home/thempra/OE/azboxme/build/tmp/staging/mipsel-oe-linux/usr/include/freetype2 	-I/home/thempra/OE/azboxme/build/tmp/staging/mipsel-oe-linux/usr/include/gstreamer-0.10 -I/home/thempra/OE/azboxme/build/tmp/staging/mipsel-oe-linux/usr/include/glib-2.0 -I/home/thempra/OE/azboxme/build/tmp/staging/mipsel-oe-linux/usr/include/libxml2  conftest.c >&5
configure:8415: $? = 0
configure:8499: result: yes
configure:8512: checking for sys/types.h
configure:8512: mipsel-oe-linux-gcc -c -Wall -g0 -O2 	 -D__KERNEL_STRICT_NAMES -DAZBOX_GEN_1 	-I/home/thempra/github/AZtrino/include -I/home/thempra/github/AZtrino/include/linux/dvb -I/home/thempra/OE/azboxme/build/tmp/staging/mipsel-oe-linux/usr/include/freetype2 	-I/home/thempra/OE/azboxme/build/tmp/staging/mipsel-oe-linux/usr/include/gstreamer-0.10 -I/home/thempra/OE/azboxme/build/tmp/staging/mipsel-oe-linux/usr/include/glib-2.0 -I/home/thempra/OE/azboxme/build/tmp/staging/mipsel-oe-linux/usr/include/libxml2  conftest.c >&5
configure:8512: $? = 0
configure:8512: result: yes
configure:8512: checking for sys/stat.h
configure:8512: mipsel-oe-linux-gcc -c -Wall -g0 -O2 	 -D__KERNEL_STRICT_NAMES -DAZBOX_GEN_1 	-I/home/thempra/github/AZtrino/include -I/home/thempra/github/AZtrino/include/linux/dvb -I/home/thempra/OE/azboxme/build/tmp/staging/mipsel-oe-linux/usr/include/freetype2 	-I/home/thempra/OE/azboxme/build/tmp/staging/mipsel-oe-linux/usr/include/gstreamer-0.10 -I/home/thempra/OE/azboxme/build/tmp/staging/mipsel-oe-linux/usr/include/glib-2.0 -I/home/thempra/OE/azboxme/build/tmp/staging/mipsel-oe-linux/usr/include/libxml2  conftest.c >&5
configure:8512: $? = 0
configure:8512: result: yes
configure:8512: checking for stdlib.h
configure:8512: mipsel-oe-linux-gcc -c -Wall -g0 -O2 	 -D__KERNEL_STRICT_NAMES -DAZBOX_GEN_1 	-I/home/thempra/github/AZtrino/include -I/home/thempra/github/AZtrino/include/linux/dvb -I/home/thempra/OE/azboxme/build/tmp/staging/mipsel-oe-linux/usr/include/freetype2 	-I/home/thempra/OE/azboxme/build/tmp/staging/mipsel-oe-linux/usr/include/gstreamer-0.10 -I/home/thempra/OE/azboxme/build/tmp/staging/mipsel-oe-linux/usr/include/glib-2.0 -I/home/thempra/OE/azboxme/build/tmp/staging/mipsel-oe-linux/usr/include/libxml2  conftest.c >&5
configure:8512: $? = 0
configure:8512: result: yes
configure:8512: checking for string.h
configure:8512: mipsel-oe-linux-gcc -c -Wall -g0 -O2 	 -D__KERNEL_STRICT_NAMES -DAZBOX_GEN_1 	-I/home/thempra/github/AZtrino/include -I/home/thempra/github/AZtrino/include/linux/dvb -I/home/thempra/OE/azboxme/build/tmp/staging/mipsel-oe-linux/usr/include/freetype2 	-I/home/thempra/OE/azboxme/build/tmp/staging/mipsel-oe-linux/usr/include/gstreamer-0.10 -I/home/thempra/OE/azboxme/build/tmp/staging/mipsel-oe-linux/usr/include/glib-2.0 -I/home/thempra/OE/azboxme/build/tmp/staging/mipsel-oe-linux/usr/include/libxml2  conftest.c >&5
configure:8512: $? = 0
configure:8512: result: yes
configure:8512: checking for memory.h
configure:8512: mipsel-oe-linux-gcc -c -Wall -g0 -O2 	 -D__KERNEL_STRICT_NAMES -DAZBOX_GEN_1 	-I/home/thempra/github/AZtrino/include -I/home/thempra/github/AZtrino/include/linux/dvb -I/home/thempra/OE/azboxme/build/tmp/staging/mipsel-oe-linux/usr/include/freetype2 	-I/home/thempra/OE/azboxme/build/tmp/staging/mipsel-oe-linux/usr/include/gstreamer-0.10 -I/home/thempra/OE/azboxme/build/tmp/staging/mipsel-oe-linux/usr/include/glib-2.0 -I/home/thempra/OE/azboxme/build/tmp/staging/mipsel-oe-linux/usr/include/libxml2  conftest.c >&5
configure:8512: $? = 0
configure:8512: result: yes
configure:8512: checking for strings.h
configure:8512: mipsel-oe-linux-gcc -c -Wall -g0 -O2 	 -D__KERNEL_STRICT_NAMES -DAZBOX_GEN_1 	-I/home/thempra/github/AZtrino/include -I/home/thempra/github/AZtrino/include/linux/dvb -I/home/thempra/OE/azboxme/build/tmp/staging/mipsel-oe-linux/usr/include/freetype2 	-I/home/thempra/OE/azboxme/build/tmp/staging/mipsel-oe-linux/usr/include/gstreamer-0.10 -I/home/thempra/OE/azboxme/build/tmp/staging/mipsel-oe-linux/usr/include/glib-2.0 -I/home/thempra/OE/azboxme/build/tmp/staging/mipsel-oe-linux/usr/include/libxml2  conftest.c >&5
configure:8512: $? = 0
configure:8512: result: yes
configure:8512: checking for inttypes.h
configure:8512: mipsel-oe-linux-gcc -c -Wall -g0 -O2 	 -D__KERNEL_STRICT_NAMES -DAZBOX_GEN_1 	-I/home/thempra/github/AZtrino/include -I/home/thempra/github/AZtrino/include/linux/dvb -I/home/thempra/OE/azboxme/build/tmp/staging/mipsel-oe-linux/usr/include/freetype2 	-I/home/thempra/OE/azboxme/build/tmp/staging/mipsel-oe-linux/usr/include/gstreamer-0.10 -I/home/thempra/OE/azboxme/build/tmp/staging/mipsel-oe-linux/usr/include/glib-2.0 -I/home/thempra/OE/azboxme/build/tmp/staging/mipsel-oe-linux/usr/include/libxml2  conftest.c >&5
configure:8512: $? = 0
configure:8512: result: yes
configure:8512: checking for stdint.h
configure:8512: mipsel-oe-linux-gcc -c -Wall -g0 -O2 	 -D__KERNEL_STRICT_NAMES -DAZBOX_GEN_1 	-I/home/thempra/github/AZtrino/include -I/home/thempra/github/AZtrino/include/linux/dvb -I/home/thempra/OE/azboxme/build/tmp/staging/mipsel-oe-linux/usr/include/freetype2 	-I/home/thempra/OE/azboxme/build/tmp/staging/mipsel-oe-linux/usr/include/gstreamer-0.10 -I/home/thempra/OE/azboxme/build/tmp/staging/mipsel-oe-linux/usr/include/glib-2.0 -I/home/thempra/OE/azboxme/build/tmp/staging/mipsel-oe-linux/usr/include/libxml2  conftest.c >&5
configure:8512: $? = 0
configure:8512: result: yes
configure:8512: checking for unistd.h
configure:8512: mipsel-oe-linux-gcc -c -Wall -g0 -O2 	 -D__KERNEL_STRICT_NAMES -DAZBOX_GEN_1 	-I/home/thempra/github/AZtrino/include -I/home/thempra/github/AZtrino/include/linux/dvb -I/home/thempra/OE/azboxme/build/tmp/staging/mipsel-oe-linux/usr/include/freetype2 	-I/home/thempra/OE/azboxme/build/tmp/staging/mipsel-oe-linux/usr/include/gstreamer-0.10 -I/home/thempra/OE/azboxme/build/tmp/staging/mipsel-oe-linux/usr/include/glib-2.0 -I/home/thempra/OE/azboxme/build/tmp/staging/mipsel-oe-linux/usr/include/libxml2  conftest.c >&5
configure:8512: $? = 0
configure:8512: result: yes
configure:8527: checking for dlfcn.h
configure:8527: mipsel-oe-linux-gcc -c -Wall -g0 -O2 	 -D__KERNEL_STRICT_NAMES -DAZBOX_GEN_1 	-I/home/thempra/github/AZtrino/include -I/home/thempra/github/AZtrino/include/linux/dvb -I/home/thempra/OE/azboxme/build/tmp/staging/mipsel-oe-linux/usr/include/freetype2 	-I/home/thempra/OE/azboxme/build/tmp/staging/mipsel-oe-linux/usr/include/gstreamer-0.10 -I/home/thempra/OE/azboxme/build/tmp/staging/mipsel-oe-linux/usr/include/glib-2.0 -I/home/thempra/OE/azboxme/build/tmp/staging/mipsel-oe-linux/usr/include/libxml2  conftest.c >&5
configure:8527: $? = 0
configure:8527: result: yes
configure:8652: checking for C++ compiler version
configure:8661: mipsel-oe-linux-g++ --version >&5
mipsel-oe-linux-g++ (GCC) 4.4.3
Copyright (C) 2010 Free Software Foundation, Inc.
This is free software; see the source for copying conditions.  There is NO
warranty; not even for MERCHANTABILITY or FITNESS FOR A PARTICULAR PURPOSE.

configure:8672: $? = 0
configure:8661: mipsel-oe-linux-g++ -v >&5
Using built-in specs.
Target: mipsel-oe-linux
Configured with: /home/thempra/OE/azboxme/build/tmp/work/mipsel-oe-linux/gcc-cross-4.4.3-r0.1/gcc-4.4.3/configure --build=i686-linux --host=i686-linux --target=mipsel-oe-linux --prefix=/home/thempra/OE/azboxme/build/tmp/cross/mipsel --exec_prefix=/home/thempra/OE/azboxme/build/tmp/cross/mipsel --bindir=/home/thempra/OE/azboxme/build/tmp/cross/mipsel/bin --sbindir=/home/thempra/OE/azboxme/build/tmp/cross/mipsel/bin --libexecdir=/home/thempra/OE/azboxme/build/tmp/cross/mipsel/libexec --datadir=/home/thempra/OE/azboxme/build/tmp/cross/mipsel/share --sysconfdir=/home/thempra/OE/azboxme/build/tmp/cross/mipsel/etc --sharedstatedir=/home/thempra/OE/azboxme/build/tmp/cross/mipsel/com --localstatedir=/home/thempra/OE/azboxme/build/tmp/cross/mipsel/var --libdir=/home/thempra/OE/azboxme/build/tmp/cross/mipsel/lib --includedir=/home/thempra/OE/azboxme/build/tmp/cross/mipsel/include --oldincludedir=/home/thempra/OE/azboxme/build/tmp/cross/mipsel/include --infodir=/home/thempra/OE/azboxme/build/tmp/cross/mipsel/share/info --mandir=/home/thempra/OE/azboxme/build/tmp/cross/mipsel/share/man --with-gnu-ld --enable-shared --enable-languages=c,c++ --enable-threads=posix --enable-multilib --enable-c99 --enable-long-long --enable-symvers=gnu --enable-libstdcxx-pch --program-prefix=mipsel-oe-linux- --enable-target-optspace --enable-libssp --disable-bootstrap --disable-libgomp --disable-libmudflap --with-float=soft --with-local-prefix=/home/thempra/OE/azboxme/build/tmp/staging/mipsel-oe-linux/usr --with-gxx-include-dir=/home/thempra/OE/azboxme/build/tmp/staging/mipsel-oe-linux//usr/include/c++ --with-sysroot=/home/thempra/OE/azboxme/build/tmp/staging/mipsel-oe-linux --with-build-sysroot=/home/thempra/OE/azboxme/build/tmp/staging/mipsel-oe-linux --with-mips-plt --disable-libunwind-exceptions --with-mpfr=/home/thempra/OE/azboxme/build/tmp/staging/i686-linux/usr --enable-__cxa_atexit --disable-multilib
Thread model: posix
gcc version 4.4.3 (GCC) 
configure:8672: $? = 0
configure:8661: mipsel-oe-linux-g++ -V >&5
mipsel-oe-linux-g++: '-V' option must have argument
configure:8672: $? = 1
configure:8661: mipsel-oe-linux-g++ -qversion >&5
mipsel-oe-linux-g++: unrecognized option '-qversion'
mipsel-oe-linux-g++: no input files
configure:8672: $? = 1
configure:8676: checking whether we are using the GNU C++ compiler
configure:8704: result: yes
configure:8713: checking whether mipsel-oe-linux-g++ accepts -g
configure:8774: result: yes
configure:8799: checking dependency style of mipsel-oe-linux-g++
configure:8909: result: gcc3
configure:8932: checking how to run the C++ preprocessor
configure:8959: mipsel-oe-linux-g++ -E  conftest.cpp
configure:8959: $? = 0
configure:8973: mipsel-oe-linux-g++ -E  conftest.cpp
conftest.cpp:33:28: error: ac_nonexistent.h: No such file or directory
configure:8973: $? = 1
configure: failed program was:
| /* confdefs.h */
| #define PACKAGE_NAME "tuxbox-neutrino"
| #define PACKAGE_TARNAME "tuxbox-neutrino"
| #define PACKAGE_VERSION "1.0.1"
| #define PACKAGE_STRING "tuxbox-neutrino 1.0.1"
| #define PACKAGE_BUGREPORT ""
| #define PACKAGE_URL ""
| #define PACKAGE "tuxbox-neutrino"
| #define VERSION "1.0.1"
| #define _GNU_SOURCE 1
| #define _FILE_OFFSET_BITS 64
| #define DEBUG 1
| #define CONFIGDIR "/var/tuxbox/config"
| #define DATADIR "/share/tuxbox"
| #define FONTDIR "/share/fonts"
| #define GAMESDIR "/var/tuxbox/games"
| #define LIBDIR "/lib/tuxbox"
| #define PLUGINDIR "/lib/tuxbox/plugins"
| #define UCODEDIR "/var/tuxbox/ucodes"
| #define THEMESDIR "/share/tuxbox/neutrino/themes"
| #define STDC_HEADERS 1
| #define HAVE_SYS_TYPES_H 1
| #define HAVE_SYS_STAT_H 1
| #define HAVE_STDLIB_H 1
| #define HAVE_STRING_H 1
| #define HAVE_MEMORY_H 1
| #define HAVE_STRINGS_H 1
| #define HAVE_INTTYPES_H 1
| #define HAVE_STDINT_H 1
| #define HAVE_UNISTD_H 1
| #define HAVE_DLFCN_H 1
| /* end confdefs.h.  */
| #include <ac_nonexistent.h>
configure:8998: result: mipsel-oe-linux-g++ -E
configure:9018: mipsel-oe-linux-g++ -E  conftest.cpp
configure:9018: $? = 0
configure:9032: mipsel-oe-linux-g++ -E  conftest.cpp
conftest.cpp:33:28: error: ac_nonexistent.h: No such file or directory
configure:9032: $? = 1
configure: failed program was:
| /* confdefs.h */
| #define PACKAGE_NAME "tuxbox-neutrino"
| #define PACKAGE_TARNAME "tuxbox-neutrino"
| #define PACKAGE_VERSION "1.0.1"
| #define PACKAGE_STRING "tuxbox-neutrino 1.0.1"
| #define PACKAGE_BUGREPORT ""
| #define PACKAGE_URL ""
| #define PACKAGE "tuxbox-neutrino"
| #define VERSION "1.0.1"
| #define _GNU_SOURCE 1
| #define _FILE_OFFSET_BITS 64
| #define DEBUG 1
| #define CONFIGDIR "/var/tuxbox/config"
| #define DATADIR "/share/tuxbox"
| #define FONTDIR "/share/fonts"
| #define GAMESDIR "/var/tuxbox/games"
| #define LIBDIR "/lib/tuxbox"
| #define PLUGINDIR "/lib/tuxbox/plugins"
| #define UCODEDIR "/var/tuxbox/ucodes"
| #define THEMESDIR "/share/tuxbox/neutrino/themes"
| #define STDC_HEADERS 1
| #define HAVE_SYS_TYPES_H 1
| #define HAVE_SYS_STAT_H 1
| #define HAVE_STDLIB_H 1
| #define HAVE_STRING_H 1
| #define HAVE_MEMORY_H 1
| #define HAVE_STRINGS_H 1
| #define HAVE_INTTYPES_H 1
| #define HAVE_STDINT_H 1
| #define HAVE_UNISTD_H 1
| #define HAVE_DLFCN_H 1
| /* end confdefs.h.  */
| #include <ac_nonexistent.h>
configure:9208: checking for objdir
configure:9223: result: .libs
configure:9515: checking if mipsel-oe-linux-gcc supports -fno-rtti -fno-exceptions
configure:9533: mipsel-oe-linux-gcc -c -Wall -g0 -O2 	 -D__KERNEL_STRICT_NAMES -DAZBOX_GEN_1 	-I/home/thempra/github/AZtrino/include -I/home/thempra/github/AZtrino/include/linux/dvb -I/home/thempra/OE/azboxme/build/tmp/staging/mipsel-oe-linux/usr/include/freetype2 	-I/home/thempra/OE/azboxme/build/tmp/staging/mipsel-oe-linux/usr/include/gstreamer-0.10 -I/home/thempra/OE/azboxme/build/tmp/staging/mipsel-oe-linux/usr/include/glib-2.0 -I/home/thempra/OE/azboxme/build/tmp/staging/mipsel-oe-linux/usr/include/libxml2  -fno-rtti -fno-exceptions conftest.c >&5
cc1: warning: command line option "-fno-rtti" is valid for C++/ObjC++ but not for C
configure:9537: $? = 0
configure:9550: result: no
configure:9570: checking for mipsel-oe-linux-gcc option to produce PIC
configure:9842: result: -fPIC -DPIC
configure:9854: checking if mipsel-oe-linux-gcc PIC flag -fPIC -DPIC works
configure:9872: mipsel-oe-linux-gcc -c -Wall -g0 -O2 	 -D__KERNEL_STRICT_NAMES -DAZBOX_GEN_1 	-I/home/thempra/github/AZtrino/include -I/home/thempra/github/AZtrino/include/linux/dvb -I/home/thempra/OE/azboxme/build/tmp/staging/mipsel-oe-linux/usr/include/freetype2 	-I/home/thempra/OE/azboxme/build/tmp/staging/mipsel-oe-linux/usr/include/gstreamer-0.10 -I/home/thempra/OE/azboxme/build/tmp/staging/mipsel-oe-linux/usr/include/glib-2.0 -I/home/thempra/OE/azboxme/build/tmp/staging/mipsel-oe-linux/usr/include/libxml2  -fPIC -DPIC -DPIC conftest.c >&5
configure:9876: $? = 0
configure:9889: result: yes
configure:9913: checking if mipsel-oe-linux-gcc static flag -static works
configure:9941: result: yes
configure:9956: checking if mipsel-oe-linux-gcc supports -c -o file.o
configure:9977: mipsel-oe-linux-gcc -c -Wall -g0 -O2 	 -D__KERNEL_STRICT_NAMES -DAZBOX_GEN_1 	-I/home/thempra/github/AZtrino/include -I/home/thempra/github/AZtrino/include/linux/dvb -I/home/thempra/OE/azboxme/build/tmp/staging/mipsel-oe-linux/usr/include/freetype2 	-I/home/thempra/OE/azboxme/build/tmp/staging/mipsel-oe-linux/usr/include/gstreamer-0.10 -I/home/thempra/OE/azboxme/build/tmp/staging/mipsel-oe-linux/usr/include/glib-2.0 -I/home/thempra/OE/azboxme/build/tmp/staging/mipsel-oe-linux/usr/include/libxml2  -o out/conftest2.o conftest.c >&5
configure:9981: $? = 0
configure:10003: result: yes
configure:10011: checking if mipsel-oe-linux-gcc supports -c -o file.o
configure:10058: result: yes
configure:10091: checking whether the mipsel-oe-linux-gcc linker (/home/thempra/OE/azboxme/build/tmp/cross/mipsel/mipsel-oe-linux/bin/ld) supports shared libraries
configure:11082: result: yes
configure:11119: checking whether -lc should be explicitly linked in
configure:11124: mipsel-oe-linux-gcc -c -Wall -g0 -O2 	 -D__KERNEL_STRICT_NAMES -DAZBOX_GEN_1 	-I/home/thempra/github/AZtrino/include -I/home/thempra/github/AZtrino/include/linux/dvb -I/home/thempra/OE/azboxme/build/tmp/staging/mipsel-oe-linux/usr/include/freetype2 	-I/home/thempra/OE/azboxme/build/tmp/staging/mipsel-oe-linux/usr/include/gstreamer-0.10 -I/home/thempra/OE/azboxme/build/tmp/staging/mipsel-oe-linux/usr/include/glib-2.0 -I/home/thempra/OE/azboxme/build/tmp/staging/mipsel-oe-linux/usr/include/libxml2  conftest.c >&5
configure:11127: $? = 0
configure:11142: mipsel-oe-linux-gcc -shared conftest.o  -v -Wl,-soname -Wl,conftest -o conftest 2\>\&1 \| /bin/grep  -lc  \>/dev/null 2\>\&1
configure:11145: $? = 0
configure:11157: result: no
configure:11321: checking dynamic linker characteristics
configure:11754: mipsel-oe-linux-gcc -o conftest -Wall -g0 -O2 	 -D__KERNEL_STRICT_NAMES -DAZBOX_GEN_1 	-I/home/thempra/github/AZtrino/include -I/home/thempra/github/AZtrino/include/linux/dvb -I/home/thempra/OE/azboxme/build/tmp/staging/mipsel-oe-linux/usr/include/freetype2 	-I/home/thempra/OE/azboxme/build/tmp/staging/mipsel-oe-linux/usr/include/gstreamer-0.10 -I/home/thempra/OE/azboxme/build/tmp/staging/mipsel-oe-linux/usr/include/glib-2.0 -I/home/thempra/OE/azboxme/build/tmp/staging/mipsel-oe-linux/usr/include/libxml2  -L/home/thempra/OE/azboxme/build/tmp/staging/mipsel-oe-linux/usr/lib  -lcurl -lssl -lcrypto -ldl -L/home/thempra/OE/azboxme/build/tmp/staging/mipsel-oe-linux/usr/lib/gstreamer-0.10 -lgstreamer-0.10 -Wl,-rpath -Wl,/foo conftest.c  >&5
configure:11754: $? = 0
configure:11984: result: GNU/Linux ld.so
configure:12086: checking how to hardcode library paths into programs
configure:12111: result: immediate
configure:12631: checking whether stripping libraries is possible
configure:12636: result: yes
configure:12671: checking if libtool supports shared libraries
configure:12673: result: yes
configure:12676: checking whether to build shared libraries
configure:12697: result: yes
configure:12700: checking whether to build static libraries
configure:12704: result: no
configure:12854: checking for ld used by mipsel-oe-linux-g++
configure:12921: result: /home/thempra/OE/azboxme/build/tmp/cross/mipsel/mipsel-oe-linux/bin/ld
configure:12928: checking if the linker (/home/thempra/OE/azboxme/build/tmp/cross/mipsel/mipsel-oe-linux/bin/ld) is GNU ld
configure:12943: result: yes
configure:12998: checking whether the mipsel-oe-linux-g++ linker (/home/thempra/OE/azboxme/build/tmp/cross/mipsel/mipsel-oe-linux/bin/ld) supports shared libraries
configure:13911: result: yes
configure:13939: mipsel-oe-linux-g++ -c -Wall -g0 -O2 	 -D__KERNEL_STRICT_NAMES -DAZBOX_GEN_1 	-I/home/thempra/github/AZtrino/include -I/home/thempra/github/AZtrino/include/linux/dvb -I/home/thempra/OE/azboxme/build/tmp/staging/mipsel-oe-linux/usr/include/freetype2 	-I/home/thempra/OE/azboxme/build/tmp/staging/mipsel-oe-linux/usr/include/gstreamer-0.10 -I/home/thempra/OE/azboxme/build/tmp/staging/mipsel-oe-linux/usr/include/glib-2.0 -I/home/thempra/OE/azboxme/build/tmp/staging/mipsel-oe-linux/usr/include/libxml2  conftest.cpp >&5
configure:13942: $? = 0
configure:14124: checking for mipsel-oe-linux-g++ option to produce PIC
configure:14441: result: -fPIC -DPIC
configure:14450: checking if mipsel-oe-linux-g++ PIC flag -fPIC -DPIC works
configure:14468: mipsel-oe-linux-g++ -c -Wall -g0 -O2 	 -D__KERNEL_STRICT_NAMES -DAZBOX_GEN_1 	-I/home/thempra/github/AZtrino/include -I/home/thempra/github/AZtrino/include/linux/dvb -I/home/thempra/OE/azboxme/build/tmp/staging/mipsel-oe-linux/usr/include/freetype2 	-I/home/thempra/OE/azboxme/build/tmp/staging/mipsel-oe-linux/usr/include/gstreamer-0.10 -I/home/thempra/OE/azboxme/build/tmp/staging/mipsel-oe-linux/usr/include/glib-2.0 -I/home/thempra/OE/azboxme/build/tmp/staging/mipsel-oe-linux/usr/include/libxml2  -fPIC -DPIC -DPIC conftest.cpp >&5
configure:14472: $? = 0
configure:14485: result: yes
configure:14506: checking if mipsel-oe-linux-g++ static flag -static works
configure:14534: result: yes
configure:14546: checking if mipsel-oe-linux-g++ supports -c -o file.o
configure:14567: mipsel-oe-linux-g++ -c -Wall -g0 -O2 	 -D__KERNEL_STRICT_NAMES -DAZBOX_GEN_1 	-I/home/thempra/github/AZtrino/include -I/home/thempra/github/AZtrino/include/linux/dvb -I/home/thempra/OE/azboxme/build/tmp/staging/mipsel-oe-linux/usr/include/freetype2 	-I/home/thempra/OE/azboxme/build/tmp/staging/mipsel-oe-linux/usr/include/gstreamer-0.10 -I/home/thempra/OE/azboxme/build/tmp/staging/mipsel-oe-linux/usr/include/glib-2.0 -I/home/thempra/OE/azboxme/build/tmp/staging/mipsel-oe-linux/usr/include/libxml2  -o out/conftest2.o conftest.cpp >&5
configure:14571: $? = 0
configure:14593: result: yes
configure:14598: checking if mipsel-oe-linux-g++ supports -c -o file.o
configure:14645: result: yes
configure:14675: checking whether the mipsel-oe-linux-g++ linker (/home/thempra/OE/azboxme/build/tmp/cross/mipsel/mipsel-oe-linux/bin/ld) supports shared libraries
configure:14704: result: yes
configure:14841: checking dynamic linker characteristics
configure:15222: mipsel-oe-linux-g++ -o conftest -Wall -g0 -O2 	 -D__KERNEL_STRICT_NAMES -DAZBOX_GEN_1 	-I/home/thempra/github/AZtrino/include -I/home/thempra/github/AZtrino/include/linux/dvb -I/home/thempra/OE/azboxme/build/tmp/staging/mipsel-oe-linux/usr/include/freetype2 	-I/home/thempra/OE/azboxme/build/tmp/staging/mipsel-oe-linux/usr/include/gstreamer-0.10 -I/home/thempra/OE/azboxme/build/tmp/staging/mipsel-oe-linux/usr/include/glib-2.0 -I/home/thempra/OE/azboxme/build/tmp/staging/mipsel-oe-linux/usr/include/libxml2  -L/home/thempra/OE/azboxme/build/tmp/staging/mipsel-oe-linux/usr/lib  -lcurl -lssl -lcrypto -ldl -L/home/thempra/OE/azboxme/build/tmp/staging/mipsel-oe-linux/usr/lib/gstreamer-0.10 -lgstreamer-0.10 -Wl,-rpath -Wl,/foo conftest.cpp  >&5
configure:15222: $? = 0
configure:15452: result: GNU/Linux ld.so
configure:15503: checking how to hardcode library paths into programs
configure:15528: result: immediate
configure:15603: checking ost/dmx.h usability
configure:15603: mipsel-oe-linux-gcc -c -Wall -g0 -O2 	 -D__KERNEL_STRICT_NAMES -DAZBOX_GEN_1 	-I/home/thempra/github/AZtrino/include -I/home/thempra/github/AZtrino/include/linux/dvb -I/home/thempra/OE/azboxme/build/tmp/staging/mipsel-oe-linux/usr/include/freetype2 	-I/home/thempra/OE/azboxme/build/tmp/staging/mipsel-oe-linux/usr/include/gstreamer-0.10 -I/home/thempra/OE/azboxme/build/tmp/staging/mipsel-oe-linux/usr/include/glib-2.0 -I/home/thempra/OE/azboxme/build/tmp/staging/mipsel-oe-linux/usr/include/libxml2  conftest.c >&5
conftest.c:67:21: error: ost/dmx.h: No such file or directory
configure:15603: $? = 1
configure: failed program was:
| /* confdefs.h */
| #define PACKAGE_NAME "tuxbox-neutrino"
| #define PACKAGE_TARNAME "tuxbox-neutrino"
| #define PACKAGE_VERSION "1.0.1"
| #define PACKAGE_STRING "tuxbox-neutrino 1.0.1"
| #define PACKAGE_BUGREPORT ""
| #define PACKAGE_URL ""
| #define PACKAGE "tuxbox-neutrino"
| #define VERSION "1.0.1"
| #define _GNU_SOURCE 1
| #define _FILE_OFFSET_BITS 64
| #define DEBUG 1
| #define CONFIGDIR "/var/tuxbox/config"
| #define DATADIR "/share/tuxbox"
| #define FONTDIR "/share/fonts"
| #define GAMESDIR "/var/tuxbox/games"
| #define LIBDIR "/lib/tuxbox"
| #define PLUGINDIR "/lib/tuxbox/plugins"
| #define UCODEDIR "/var/tuxbox/ucodes"
| #define THEMESDIR "/share/tuxbox/neutrino/themes"
| #define STDC_HEADERS 1
| #define HAVE_SYS_TYPES_H 1
| #define HAVE_SYS_STAT_H 1
| #define HAVE_STDLIB_H 1
| #define HAVE_STRING_H 1
| #define HAVE_MEMORY_H 1
| #define HAVE_STRINGS_H 1
| #define HAVE_INTTYPES_H 1
| #define HAVE_STDINT_H 1
| #define HAVE_UNISTD_H 1
| #define HAVE_DLFCN_H 1
| #define LT_OBJDIR ".libs/"
| /* end confdefs.h.  */
| #include <stdio.h>
| #ifdef HAVE_SYS_TYPES_H
| # include <sys/types.h>
| #endif
| #ifdef HAVE_SYS_STAT_H
| # include <sys/stat.h>
| #endif
| #ifdef STDC_HEADERS
| # include <stdlib.h>
| # include <stddef.h>
| #else
| # ifdef HAVE_STDLIB_H
| #  include <stdlib.h>
| # endif
| #endif
| #ifdef HAVE_STRING_H
| # if !defined STDC_HEADERS && defined HAVE_MEMORY_H
| #  include <memory.h>
| # endif
| # include <string.h>
| #endif
| #ifdef HAVE_STRINGS_H
| # include <strings.h>
| #endif
| #ifdef HAVE_INTTYPES_H
| # include <inttypes.h>
| #endif
| #ifdef HAVE_STDINT_H
| # include <stdint.h>
| #endif
| #ifdef HAVE_UNISTD_H
| # include <unistd.h>
| #endif
| #include <ost/dmx.h>
configure:15603: result: no
configure:15603: checking ost/dmx.h presence
configure:15603: mipsel-oe-linux-gcc -E  conftest.c
conftest.c:34:21: error: ost/dmx.h: No such file or directory
configure:15603: $? = 1
configure: failed program was:
| /* confdefs.h */
| #define PACKAGE_NAME "tuxbox-neutrino"
| #define PACKAGE_TARNAME "tuxbox-neutrino"
| #define PACKAGE_VERSION "1.0.1"
| #define PACKAGE_STRING "tuxbox-neutrino 1.0.1"
| #define PACKAGE_BUGREPORT ""
| #define PACKAGE_URL ""
| #define PACKAGE "tuxbox-neutrino"
| #define VERSION "1.0.1"
| #define _GNU_SOURCE 1
| #define _FILE_OFFSET_BITS 64
| #define DEBUG 1
| #define CONFIGDIR "/var/tuxbox/config"
| #define DATADIR "/share/tuxbox"
| #define FONTDIR "/share/fonts"
| #define GAMESDIR "/var/tuxbox/games"
| #define LIBDIR "/lib/tuxbox"
| #define PLUGINDIR "/lib/tuxbox/plugins"
| #define UCODEDIR "/var/tuxbox/ucodes"
| #define THEMESDIR "/share/tuxbox/neutrino/themes"
| #define STDC_HEADERS 1
| #define HAVE_SYS_TYPES_H 1
| #define HAVE_SYS_STAT_H 1
| #define HAVE_STDLIB_H 1
| #define HAVE_STRING_H 1
| #define HAVE_MEMORY_H 1
| #define HAVE_STRINGS_H 1
| #define HAVE_INTTYPES_H 1
| #define HAVE_STDINT_H 1
| #define HAVE_UNISTD_H 1
| #define HAVE_DLFCN_H 1
| #define LT_OBJDIR ".libs/"
| /* end confdefs.h.  */
| #include <ost/dmx.h>
configure:15603: result: no
configure:15603: checking for ost/dmx.h
configure:15603: result: no
configure:15666: checking for curl-config
configure:15697: result: /home/thempra/OE/azboxme/build/tmp/staging/i686-linux/usr/bin/mipsel-oe-linux/curl-config
configure:15735: checking for freetype-config
configure:15766: result: /home/thempra/OE/azboxme/build/tmp/staging/i686-linux/usr/bin/mipsel-oe-linux/freetype-config
configure:15803: checking for pkg-config
configure:15821: found /usr/bin/pkg-config
configure:15834: result: /usr/bin/pkg-config
configure:15849: checking for package openssl
configure:15852: result: yes
configure:15871: checking for package libid3tag
configure:15879: result: no
configure:15893: checking for package libmad
configure:15901: result: no
configure:15916: checking for package libpng
configure:15919: result: yes
configure:15938: checking for package libavformat
configure:15941: result: yes
configure:15960: checking for package libavcodec
configure:15963: result: yes
configure:15982: checking for package libavutil
configure:15985: result: yes
configure:16187: creating ./config.status

## ---------------------- ##
## Running config.status. ##
## ---------------------- ##

This file was extended by tuxbox-neutrino config.status 1.0.1, which was
generated by GNU Autoconf 2.65.  Invocation command line was

  CONFIG_FILES    = 
  CONFIG_HEADERS  = 
  CONFIG_LINKS    = 
  CONFIG_COMMANDS = 
  $ ./config.status 

on thempra-laptop

config.status:1234: creating Makefile
config.status:1234: creating lib/Makefile
config.status:1234: creating lib/libconfigfile/Makefile
config.status:1234: creating lib/connection/Makefile
config.status:1234: creating lib/libeventserver/Makefile
config.status:1234: creating lib/libmd5sum/Makefile
config.status:1234: creating lib/libnet/Makefile
config.status:1234: creating lib/xmltree/Makefile
config.status:1234: creating lib/controldclient/Makefile
config.status:1234: creating lib/sectionsdclient/Makefile
config.status:1234: creating lib/timerdclient/Makefile
config.status:1234: creating lib/libtuxtxt/Makefile
config.status:1234: creating lib/libdvbsub/Makefile
config.status:1234: creating lib/libupnpclient/Makefile
config.status:1234: creating src/nhttpd/Makefile
config.status:1234: creating src/nhttpd/web/Makefile
config.status:1234: creating src/nhttpd/web/images/Makefile
config.status:1234: creating src/nhttpd/web/scripts/Makefile
config.status:1234: creating src/nhttpd/tuxboxapi/Makefile
config.status:1234: creating src/nhttpd/yhttpd_core/Makefile
config.status:1234: creating src/nhttpd/yhttpd_mods/Makefile
config.status:1234: creating src/Makefile
config.status:1234: creating src/daemonc/Makefile
config.status:1234: creating src/driver/pictureviewer/Makefile
config.status:1234: creating src/driver/audiodec/Makefile
config.status:1234: creating src/driver/Makefile
config.status:1234: creating src/gui/Makefile
config.status:1234: creating src/gui/bedit/Makefile
config.status:1234: creating src/gui/widget/Makefile
config.status:1234: creating src/system/Makefile
config.status:1234: creating data/Makefile
config.status:1234: creating data/fonts/Makefile
config.status:1234: creating data/icons/Makefile
config.status:1234: creating data/iso-codes/Makefile
config.status:1234: creating data/lcd/Makefile
config.status:1234: creating data/lcd/icons/Makefile
config.status:1234: creating data/lcd/clock/Makefile
config.status:1234: creating data/locale/Makefile
config.status:1234: creating src/sectionsd/Makefile
config.status:1234: creating src/timerd/Makefile
config.status:1234: creating src/zapit/Makefile
config.status:1234: creating src/zapit/lib/Makefile
config.status:1234: creating src/zapit/src/Makefile
config.status:1234: creating lib/libazbox/Makefile
config.status:1234: creating config.h
config.status:1406: config.h is unchanged
config.status:1454: executing depfiles commands
config.status:1454: executing libtool commands

## ---------------- ##
## Cache variables. ##
## ---------------- ##

ac_cv_build=i386-pc-linux-gnu
ac_cv_c_compiler_gnu=yes
ac_cv_cxx_compiler_gnu=yes
ac_cv_env_CCC_set=
ac_cv_env_CCC_value=
ac_cv_env_CC_set=set
ac_cv_env_CC_value=mipsel-oe-linux-gcc
ac_cv_env_CFLAGS_set=set
ac_cv_env_CFLAGS_value='-Wall -g0 -O2 	 -D__KERNEL_STRICT_NAMES -DAZBOX_GEN_1 	-I/home/thempra/github/AZtrino/include -I/home/thempra/github/AZtrino/include/linux/dvb -I/home/thempra/OE/azboxme/build/tmp/staging/mipsel-oe-linux/usr/include/freetype2 	-I/home/thempra/OE/azboxme/build/tmp/staging/mipsel-oe-linux/usr/include/gstreamer-0.10 -I/home/thempra/OE/azboxme/build/tmp/staging/mipsel-oe-linux/usr/include/glib-2.0 -I/home/thempra/OE/azboxme/build/tmp/staging/mipsel-oe-linux/usr/include/libxml2'
ac_cv_env_CPPFLAGS_set=
ac_cv_env_CPPFLAGS_value=
ac_cv_env_CPP_set=
ac_cv_env_CPP_value=
ac_cv_env_CXXCPP_set=
ac_cv_env_CXXCPP_value=
ac_cv_env_CXXFLAGS_set=set
ac_cv_env_CXXFLAGS_value='-Wall -g0 -O2 	 -D__KERNEL_STRICT_NAMES -DAZBOX_GEN_1 	-I/home/thempra/github/AZtrino/include -I/home/thempra/github/AZtrino/include/linux/dvb -I/home/thempra/OE/azboxme/build/tmp/staging/mipsel-oe-linux/usr/include/freetype2 	-I/home/thempra/OE/azboxme/build/tmp/staging/mipsel-oe-linux/usr/include/gstreamer-0.10 -I/home/thempra/OE/azboxme/build/tmp/staging/mipsel-oe-linux/usr/include/glib-2.0 -I/home/thempra/OE/azboxme/build/tmp/staging/mipsel-oe-linux/usr/include/libxml2'
ac_cv_env_CXX_set=
ac_cv_env_CXX_value=
ac_cv_env_LDFLAGS_set=set
ac_cv_env_LDFLAGS_value='-L/home/thempra/OE/azboxme/build/tmp/staging/mipsel-oe-linux/usr/lib  -lcurl -lssl -lcrypto -ldl -L/home/thempra/OE/azboxme/build/tmp/staging/mipsel-oe-linux/usr/lib/gstreamer-0.10 -lgstreamer-0.10'
ac_cv_env_LIBS_set=
ac_cv_env_LIBS_value=
ac_cv_env_build_alias_set=set
ac_cv_env_build_alias_value=i386-pc-linux-gnu
ac_cv_env_host_alias_set=set
ac_cv_env_host_alias_value=mipsel-oe-linux
ac_cv_env_target_alias_set=set
ac_cv_env_target_alias_value=
ac_cv_header_dlfcn_h=yes
ac_cv_header_inttypes_h=yes
ac_cv_header_memory_h=yes
ac_cv_header_ost_dmx_h=no
ac_cv_header_stdc=yes
ac_cv_header_stdint_h=yes
ac_cv_header_stdlib_h=yes
ac_cv_header_string_h=yes
ac_cv_header_strings_h=yes
ac_cv_header_sys_stat_h=yes
ac_cv_header_sys_types_h=yes
ac_cv_header_unistd_h=yes
ac_cv_host=mipsel-oe-linux-gnu
ac_cv_objext=o
ac_cv_path_CURL_CONFIG=/home/thempra/OE/azboxme/build/tmp/staging/i686-linux/usr/bin/mipsel-oe-linux/curl-config
ac_cv_path_FGREP='/bin/grep -F'
ac_cv_path_FREETYPE_CONFIG=/home/thempra/OE/azboxme/build/tmp/staging/i686-linux/usr/bin/mipsel-oe-linux/freetype-config
ac_cv_path_GREP=/bin/grep
ac_cv_path_PKG_CONFIG=/usr/bin/pkg-config
ac_cv_path_SED=/bin/sed
ac_cv_path_install='/usr/bin/install -c'
ac_cv_path_mkdir=/bin/mkdir
ac_cv_prog_AR=mipsel-oe-linux-ar
ac_cv_prog_AWK=gawk
ac_cv_prog_CC=mipsel-oe-linux-gcc
ac_cv_prog_CPP='mipsel-oe-linux-gcc -E'
ac_cv_prog_CXX=mipsel-oe-linux-g++
ac_cv_prog_CXXCPP='mipsel-oe-linux-g++ -E'
ac_cv_prog_OBJDUMP=mipsel-oe-linux-objdump
ac_cv_prog_RANLIB=mipsel-oe-linux-ranlib
ac_cv_prog_STRIP=mipsel-oe-linux-strip
ac_cv_prog_cc_c89=
ac_cv_prog_cc_g=yes
ac_cv_prog_cxx_g=yes
ac_cv_prog_egrep='grep -E'
ac_cv_prog_make_make_set=yes
ac_cv_sys_file_offset_bits=64
ac_cv_sys_largefile_CC=no
am_cv_CC_dependencies_compiler_type=gcc3
am_cv_CXX_dependencies_compiler_type=gcc3
lt_cv_deplibs_check_method=pass_all
lt_cv_file_magic_cmd='$MAGIC_CMD'
lt_cv_file_magic_test_file=
lt_cv_ld_reload_flag=-r
lt_cv_nm_interface='BSD nm'
lt_cv_objdir=.libs
lt_cv_path_LD=/home/thempra/OE/azboxme/build/tmp/cross/mipsel/mipsel-oe-linux/bin/ld
lt_cv_path_LDCXX=/home/thempra/OE/azboxme/build/tmp/cross/mipsel/mipsel-oe-linux/bin/ld
lt_cv_path_NM=mipsel-oe-linux-nm
lt_cv_prog_compiler_c_o=yes
lt_cv_prog_compiler_c_o_CXX=yes
lt_cv_prog_compiler_pic_works=yes
lt_cv_prog_compiler_pic_works_CXX=yes
lt_cv_prog_compiler_rtti_exceptions=no
lt_cv_prog_compiler_static_works=yes
lt_cv_prog_compiler_static_works_CXX=yes
lt_cv_prog_gnu_ld=yes
lt_cv_prog_gnu_ldcxx=yes
lt_cv_sys_global_symbol_pipe='sed -n -e '\''s/^.*[	 ]\([ABCDGIRSTW][ABCDGIRSTW]*\)[	 ][	 ]*\([_A-Za-z][_A-Za-z0-9]*\)$/\1 \2 \2/p'\'''
lt_cv_sys_global_symbol_to_c_name_address='sed -n -e '\''s/^: \([^ ]*\) $/  {\"\1\", (void *) 0},/p'\'' -e '\''s/^[ABCDGIRSTW]* \([^ ]*\) \([^ ]*\)$/  {"\2", (void *) \&\2},/p'\'''
lt_cv_sys_global_symbol_to_c_name_address_lib_prefix='sed -n -e '\''s/^: \([^ ]*\) $/  {\"\1\", (void *) 0},/p'\'' -e '\''s/^[ABCDGIRSTW]* \([^ ]*\) \(lib[^ ]*\)$/  {"\2", (void *) \&\2},/p'\'' -e '\''s/^[ABCDGIRSTW]* \([^ ]*\) \([^ ]*\)$/  {"lib\2", (void *) \&\2},/p'\'''
lt_cv_sys_global_symbol_to_cdecl='sed -n -e '\''s/^T .* \(.*\)$/extern int \1();/p'\'' -e '\''s/^[ABCDGIRSTW]* .* \(.*\)$/extern char \1;/p'\'''
lt_cv_sys_max_cmd_len=1572864

## ----------------- ##
## Output variables. ##
## ----------------- ##

ACLOCAL='${SHELL} /home/thempra/github/AZtrino/missing --run aclocal-1.11'
AMDEPBACKSLASH='\'
AMDEP_FALSE='#'
AMDEP_TRUE=''
AMTAR='${SHELL} /home/thempra/github/AZtrino/missing --run tar'
AR='mipsel-oe-linux-ar'
AUTOCONF='${SHELL} /home/thempra/github/AZtrino/missing --run autoconf'
AUTOHEADER='${SHELL} /home/thempra/github/AZtrino/missing --run autoheader'
AUTOMAKE='${SHELL} /home/thempra/github/AZtrino/missing --run automake-1.11'
AVCODEC_CFLAGS='-I/usr//include  '
AVCODEC_LIBS='-lavcodec  '
AVFORMAT_CFLAGS='-I/usr//include  '
AVFORMAT_LIBS='-lavformat  '
AVUTIL_CFLAGS='-I/usr//include  '
AVUTIL_LIBS='-lavutil  '
AWK='gawk'
CC='mipsel-oe-linux-gcc'
CCDEPMODE='depmode=gcc3'
CFLAGS='-Wall -g0 -O2 	 -D__KERNEL_STRICT_NAMES -DAZBOX_GEN_1 	-I/home/thempra/github/AZtrino/include -I/home/thempra/github/AZtrino/include/linux/dvb -I/home/thempra/OE/azboxme/build/tmp/staging/mipsel-oe-linux/usr/include/freetype2 	-I/home/thempra/OE/azboxme/build/tmp/staging/mipsel-oe-linux/usr/include/gstreamer-0.10 -I/home/thempra/OE/azboxme/build/tmp/staging/mipsel-oe-linux/usr/include/glib-2.0 -I/home/thempra/OE/azboxme/build/tmp/staging/mipsel-oe-linux/usr/include/libxml2'
CONFIGDIR='${localstatedir}/tuxbox/config'
CPP='mipsel-oe-linux-gcc -E'
CPPFLAGS=''
CURL_CFLAGS=''
CURL_CONFIG='/home/thempra/OE/azboxme/build/tmp/staging/i686-linux/usr/bin/mipsel-oe-linux/curl-config'
CURL_LIBS='-lcurl -L/home/thempra/OE/azboxme/build/tmp/staging/mipsel-oe-linux/usr/lib -Wl,-rpath-link,/home/thempra/OE/azboxme/build/tmp/staging/mipsel-oe-linux/usr/lib -Wl,-O1 -L/home/thempra/OE/azboxme/build/tmp/staging/mipsel-oe-linux/usr/lib/..//lib -lrt -lz -lgnutls -L/home/thempra/OE/azboxme/build/tmp/staging/mipsel-oe-linux/usr/lib -lgcrypt -lgpg-error'
CXX='mipsel-oe-linux-g++'
CXXCPP='mipsel-oe-linux-g++ -E'
CXXDEPMODE='depmode=gcc3'
CXXFLAGS='-Wall -g0 -O2 	 -D__KERNEL_STRICT_NAMES -DAZBOX_GEN_1 	-I/home/thempra/github/AZtrino/include -I/home/thempra/github/AZtrino/include/linux/dvb -I/home/thempra/OE/azboxme/build/tmp/staging/mipsel-oe-linux/usr/include/freetype2 	-I/home/thempra/OE/azboxme/build/tmp/staging/mipsel-oe-linux/usr/include/gstreamer-0.10 -I/home/thempra/OE/azboxme/build/tmp/staging/mipsel-oe-linux/usr/include/glib-2.0 -I/home/thempra/OE/azboxme/build/tmp/staging/mipsel-oe-linux/usr/include/libxml2'
CYGPATH_W='echo'
DATADIR='${datadir}/tuxbox'
DEFS='-DHAVE_CONFIG_H'
DEPDIR='.deps'
DSYMUTIL=''
DUMPBIN=''
ECHO_C=''
ECHO_N='-n'
ECHO_T=''
EGREP='grep -E'
EXEEXT=''
FGREP='/bin/grep -F'
FONTDIR='${datadir}/fonts'
FREETYPE_CFLAGS='-I/home/thempra/OE/azboxme/build/tmp/staging/mipsel-oe-linux/usr/include/freetype2 -I/home/thempra/OE/azboxme/build/tmp/staging/mipsel-oe-linux/usr/include'
FREETYPE_CONFIG='/home/thempra/OE/azboxme/build/tmp/staging/i686-linux/usr/bin/mipsel-oe-linux/freetype-config'
FREETYPE_LIBS='-L/home/thempra/OE/azboxme/build/tmp/staging/mipsel-oe-linux/usr/lib -lfreetype'
GAMESDIR='${localstatedir}/tuxbox/games'
GREP='/bin/grep'
ID3TAG_CFLAGS='/home/thempra/OE/azboxme/build/tmp/staging/mipsel-oe-linux/usr/include'
ID3TAG_LIBS='-L/home/thempra/OE/azboxme/build/tmp/staging/mipsel-oe-linux/usr/lib/ -lid3tag'
INSTALL_DATA='${INSTALL} -m 644'
INSTALL_PROGRAM='${INSTALL}'
INSTALL_SCRIPT='${INSTALL}'
INSTALL_STRIP_PROGRAM='$(install_sh) -c -s'
LD='/home/thempra/OE/azboxme/build/tmp/cross/mipsel/mipsel-oe-linux/bin/ld'
LDFLAGS='-L/home/thempra/OE/azboxme/build/tmp/staging/mipsel-oe-linux/usr/lib  -lcurl -lssl -lcrypto -ldl -L/home/thempra/OE/azboxme/build/tmp/staging/mipsel-oe-linux/usr/lib/gstreamer-0.10 -lgstreamer-0.10'
LIBCS_CFLAGS=''
LIBCS_LIBS=''
LIBDIR='${libdir}/tuxbox'
LIBOBJS=''
LIBS=''
LIBTOOL='$(SHELL) $(top_builddir)/libtool'
LIPO=''
LN_S='ln -s'
LTLIBOBJS=''
MAD_CFLAGS='/home/thempra/OE/azboxme/build/tmp/staging/mipsel-oe-linux/usr/include'
MAD_LIBS='-L/home/thempra/OE/azboxme/build/tmp/staging/mipsel-oe-linux/usr/lib/ -lmad'
MAINT='#'
MAINTAINER_MODE_FALSE=''
MAINTAINER_MODE_TRUE='#'
MAKEINFO='${SHELL} /home/thempra/github/AZtrino/missing --run makeinfo'
MKDIR_P='/bin/mkdir -p'
NM='mipsel-oe-linux-nm'
NMEDIT=''
OBJDUMP='mipsel-oe-linux-objdump'
OBJEXT='o'
OPENSSL_CFLAGS=' '
OPENSSL_LIBS='-lssl -lcrypto  '
OTOOL64=''
OTOOL=''
PACKAGE='tuxbox-neutrino'
PACKAGE_BUGREPORT=''
PACKAGE_NAME='tuxbox-neutrino'
PACKAGE_STRING='tuxbox-neutrino 1.0.1'
PACKAGE_TARNAME='tuxbox-neutrino'
PACKAGE_URL=''
PACKAGE_VERSION='1.0.1'
PATH_SEPARATOR=':'
PKG_CONFIG='/usr/bin/pkg-config'
PLUGINDIR='${libdir}/tuxbox/plugins'
PNG_CFLAGS='-I/usr/include/libpng12  '
PNG_LIBS='-lpng12  '
RANLIB='mipsel-oe-linux-ranlib'
SED='/bin/sed'
SET_MAKE=''
SHELL='/bin/sh'
STRIP='mipsel-oe-linux-strip'
TARGET_CONFIGDIR='/var/tuxbox/config'
TARGET_DATADIR='/share/tuxbox'
TARGET_FONTDIR='/share/fonts'
TARGET_GAMESDIR='/var/tuxbox/games'
TARGET_LIBDIR='/lib/tuxbox'
TARGET_PLUGINDIR='/lib/tuxbox/plugins'
TARGET_THEMESDIR='/share/tuxbox/neutrino/themes'
TARGET_UCODEDIR='/var/tuxbox/ucodes'
THEMESDIR='${datadir}/tuxbox/neutrino/themes'
UCODEDIR='${localstatedir}/tuxbox/ucodes'
VERSION='1.0.1'
VORBISIDEC_CFLAGS=''
VORBISIDEC_LIBS=''
ac_ct_CC=''
ac_ct_CXX=''
ac_ct_DUMPBIN=''
am__EXEEXT_FALSE=''
am__EXEEXT_TRUE='#'
am__fastdepCC_FALSE='#'
am__fastdepCC_TRUE=''
am__fastdepCXX_FALSE='#'
am__fastdepCXX_TRUE=''
am__include='include'
am__isrc=''
am__leading_dot='.'
am__quote=''
am__tar='${AMTAR} chof - "$$tardir"'
am__untar='${AMTAR} xf -'
bindir='${exec_prefix}/bin'
build='i386-pc-linux-gnu'
build_alias='i386-pc-linux-gnu'
build_cpu='i386'
build_os='linux-gnu'
build_vendor='pc'
datadir='${prefix}/share'
datarootdir='${prefix}/share'
docdir='${datarootdir}/doc/${PACKAGE_TARNAME}'
dvidir='${docdir}'
exec_prefix='${prefix}'
host='mipsel-oe-linux-gnu'
host_alias='mipsel-oe-linux'
host_cpu='mipsel'
host_os='linux-gnu'
host_vendor='oe'
htmldir='${docdir}'
includedir='${prefix}/include'
infodir='${datarootdir}/info'
install_sh='${SHELL} /home/thempra/github/AZtrino/install-sh'
libdir='${prefix}/lib'
libexecdir='${exec_prefix}/libexec'
localedir='${datarootdir}/locale'
localstatedir='${prefix}/var'
lt_ECHO='echo'
mandir='${datarootdir}/man'
mkdir_p='/bin/mkdir -p'
oldincludedir='/usr/include'
pdfdir='${docdir}'
prefix='/home/thempra/OE/azboxme/build/tmp/staging/mipsel-oe-linux/usr'
program_transform_name='s,x,x,'
psdir='${docdir}'
sbindir='${exec_prefix}/sbin'
sharedstatedir='${prefix}/com'
sysconfdir='${prefix}/etc'
target_alias=''

## ----------- ##
## confdefs.h. ##
## ----------- ##

/* confdefs.h */
#define PACKAGE_NAME "tuxbox-neutrino"
#define PACKAGE_TARNAME "tuxbox-neutrino"
#define PACKAGE_VERSION "1.0.1"
#define PACKAGE_STRING "tuxbox-neutrino 1.0.1"
#define PACKAGE_BUGREPORT ""
#define PACKAGE_URL ""
#define PACKAGE "tuxbox-neutrino"
#define VERSION "1.0.1"
#define _GNU_SOURCE 1
#define _FILE_OFFSET_BITS 64
#define DEBUG 1
#define CONFIGDIR "/var/tuxbox/config"
#define DATADIR "/share/tuxbox"
#define FONTDIR "/share/fonts"
#define GAMESDIR "/var/tuxbox/games"
#define LIBDIR "/lib/tuxbox"
#define PLUGINDIR "/lib/tuxbox/plugins"
#define UCODEDIR "/var/tuxbox/ucodes"
#define THEMESDIR "/share/tuxbox/neutrino/themes"
#define STDC_HEADERS 1
#define HAVE_SYS_TYPES_H 1
#define HAVE_SYS_STAT_H 1
#define HAVE_STDLIB_H 1
#define HAVE_STRING_H 1
#define HAVE_MEMORY_H 1
#define HAVE_STRINGS_H 1
#define HAVE_INTTYPES_H 1
#define HAVE_STDINT_H 1
#define HAVE_UNISTD_H 1
#define HAVE_DLFCN_H 1
#define LT_OBJDIR ".libs/"
#define HAVE_DVB 1
#define HAVE_DVB_API_VERSION 3

configure: exit 0
